<?xml version="1.0" encoding="utf-8"?><testsuites name="pytest tests"><testsuite name="pytest" errors="0" failures="0" skipped="0" tests="6" time="1.301" timestamp="2026-07-22T18:14:45.609678+00:00" hostname="agent-env-f9efa206-5618-41cf-ae0f-758a3675cd24"><testcase classname="tests.backend_test" name="test_health" time="0.290" /><testcase classname="tests.backend_test" name="test_root" time="0.067" /><testcase classname="tests.backend_test" name="test_fit_submit_valid_and_persistence" time="0.168" /><testcase classname="tests.backend_test" name="test_fit_submit_missing_email" time="0.075" /><testcase classname="tests.backend_test" name="test_fit_submit_invalid_email" time="0.074" /><testcase classname="tests.backend_test" name="test_fit_submit_missing_name" time="0.067" /></testsuite></testsuites>