<?xml version="1.0" encoding="utf-8"?><testsuites name="pytest tests"><testsuite name="pytest" errors="0" failures="0" skipped="0" tests="6" time="1.026" timestamp="2026-07-23T12:15:49.055765+00:00" hostname="agent-env-f9efa206-5618-41cf-ae0f-758a3675cd24"><testcase classname="tests.backend_test" name="test_health" time="0.213" /><testcase classname="tests.backend_test" name="test_root" time="0.045" /><testcase classname="tests.backend_test" name="test_fit_submit_valid_and_persistence" time="0.116" /><testcase classname="tests.backend_test" name="test_fit_submit_missing_email" time="0.045" /><testcase classname="tests.backend_test" name="test_fit_submit_invalid_email" time="0.046" /><testcase classname="tests.backend_test" name="test_fit_submit_missing_name" time="0.045" /></testsuite></testsuites>